usercenter/build/intermediates/manifest_merge_blame_file/debug/manifest-merger-blame-debug-report.txt
1<?xml version="1.0" encoding="utf-8"?>
2<manifest xmlns:android="http://schemas.android.com/apk/res/android"
3    package="com.bawei.usercenter"
4    android:versionCode="1"
5    android:versionName="1.0" >
6
7    <uses-sdk
8        android:minSdkVersion="16"
<<<<<<< HEAD
8-->main\debug\AndroidManifest.xml
9        android:targetSdkVersion="30" />
9-->main\debug\AndroidManifest.xml
10
11    <uses-permission android:name="android.permission.INTERNET" />
11-->main\debug\AndroidManifest.xml:4:5-66
11-->main\debug\AndroidManifest.xml:4:22-64
12
13    <application
13-->main\debug\AndroidManifest.xml:5:5-26:19
14        android:name="androidx.multidex.MultiDexApplication"
15        android:allowBackup="true"
15-->main\debug\AndroidManifest.xml:6:9-35
16        android:appComponentFactory="androidx.core.app.CoreComponentFactory"
16-->[androidx.core:core:1.3.2] AndroidManifest.xml:24:18-86
17        android:debuggable="true"
18        android:icon="@mipmap/ic_launcher"
18-->main\debug\AndroidManifest.xml:7:9-43
19        android:label="@string/app_name"
19-->main\debug\AndroidManifest.xml:8:9-41
20        android:roundIcon="@mipmap/ic_launcher_round"
20-->main\debug\AndroidManifest.xml:9:9-54
21        android:supportsRtl="true"
21-->main\debug\AndroidManifest.xml:10:9-35
22        android:testOnly="true"
23        android:theme="@style/Theme.MicroOffice" >
23-->main\debug\AndroidManifest.xml:11:9-49
24        <activity android:name="com.bawei.usercenter.UserCenterActivity" >
24-->main\debug\AndroidManifest.xml:12:9-18:20
24-->main\debug\AndroidManifest.xml:12:19-53
25            <intent-filter>
25-->main\debug\AndroidManifest.xml:13:13-17:29
26                <action android:name="android.intent.action.MAIN" />
26-->main\debug\AndroidManifest.xml:14:17-69
26-->main\debug\AndroidManifest.xml:14:25-66
27
28                <category android:name="android.intent.category.LAUNCHER" />
28-->main\debug\AndroidManifest.xml:16:17-77
28-->main\debug\AndroidManifest.xml:16:27-74
=======
8-->main\debug\AndroidManifest.xml
9        android:targetSdkVersion="30" />
9-->main\debug\AndroidManifest.xml
10
11    <uses-permission android:name="android.permission.INTERNET" />
11-->main\debug\AndroidManifest.xml:4:5-66
11-->main\debug\AndroidManifest.xml:4:22-64
12
13    <application
13-->main\debug\AndroidManifest.xml:5:5-26:19
14        android:name="androidx.multidex.MultiDexApplication"
15        android:allowBackup="true"
15-->main\debug\AndroidManifest.xml:6:9-35
16        android:appComponentFactory="androidx.core.app.CoreComponentFactory"
16-->[androidx.core:core:1.3.2] AndroidManifest.xml:24:18-86
17        android:debuggable="true"
18        android:icon="@mipmap/ic_launcher"
18-->main\debug\AndroidManifest.xml:7:9-43
19        android:label="@string/app_name"
19-->main\debug\AndroidManifest.xml:8:9-41
20        android:roundIcon="@mipmap/ic_launcher_round"
20-->main\debug\AndroidManifest.xml:9:9-54
21        android:supportsRtl="true"
21-->main\debug\AndroidManifest.xml:10:9-35
22        android:testOnly="true"
23        android:theme="@style/Theme.MicroOffice" >
23-->main\debug\AndroidManifest.xml:11:9-49
24        <activity android:name="com.bawei.usercenter.UserCenterActivity" >
24-->main\debug\AndroidManifest.xml:12:9-18:20
24-->main\debug\AndroidManifest.xml:12:19-53
25            <intent-filter>
25-->main\debug\AndroidManifest.xml:13:13-17:29
26                <action android:name="android.intent.action.MAIN" />
26-->main\debug\AndroidManifest.xml:14:17-69
26-->main\debug\AndroidManifest.xml:14:25-66
27
28                <category android:name="android.intent.category.LAUNCHER" />
28-->main\debug\AndroidManifest.xml:16:17-77
28-->main\debug\AndroidManifest.xml:16:27-74
>>>>>>> f27cec377e3546e11cca1cf73795603d92569562
29            </intent-filter>
30        </activity>
31
32        <meta-data
<<<<<<< HEAD
32-->main\debug\AndroidManifest.xml:20:9-22:35
33            android:name="design_width_in_dp"
33-->main\debug\AndroidManifest.xml:21:13-46
34            android:value="720" />
34-->main\debug\AndroidManifest.xml:22:13-32
35        <meta-data
35-->main\debug\AndroidManifest.xml:23:9-25:36
36            android:name="design_height_in_dp"
36-->main\debug\AndroidManifest.xml:24:13-47
37            android:value="1280" />
37-->main\debug\AndroidManifest.xml:25:13-33
38
39        <activity android:name="com.example.media.MediaActivity" >
39-->[com.github.1685129336.CommonUtils:media:0.0.9] AndroidManifest.xml:11:9-12:20
39-->[com.github.1685129336.CommonUtils:media:0.0.9] AndroidManifest.xml:11:19-65
40        </activity>
41
42        <provider
42-->[me.jessyan:autosize:1.2.1] AndroidManifest.xml:12:9-16:43
43            android:name="me.jessyan.autosize.InitProvider"
43-->[me.jessyan:autosize:1.2.1] AndroidManifest.xml:13:13-60
44            android:authorities="com.bawei.usercenter.autosize-init-provider"
44-->[me.jessyan:autosize:1.2.1] AndroidManifest.xml:14:13-74
45            android:exported="false"
45-->[me.jessyan:autosize:1.2.1] AndroidManifest.xml:15:13-37
46            android:multiprocess="true" />
46-->[me.jessyan:autosize:1.2.1] AndroidManifest.xml:16:13-40
=======
32-->main\debug\AndroidManifest.xml:20:9-22:35
33            android:name="design_width_in_dp"
33-->main\debug\AndroidManifest.xml:21:13-46
34            android:value="720" />
34-->main\debug\AndroidManifest.xml:22:13-32
35        <meta-data
35-->main\debug\AndroidManifest.xml:23:9-25:36
36            android:name="design_height_in_dp"
36-->main\debug\AndroidManifest.xml:24:13-47
37            android:value="1280" />
37-->main\debug\AndroidManifest.xml:25:13-33
38
39        <activity android:name="com.example.media.MediaActivity" >
39-->[com.github.1685129336.CommonUtils:media:0.0.9] AndroidManifest.xml:11:9-12:20
39-->[com.github.1685129336.CommonUtils:media:0.0.9] AndroidManifest.xml:11:19-65
40        </activity>
41
42        <provider
42-->[me.jessyan:autosize:1.2.1] AndroidManifest.xml:12:9-16:43
43            android:name="me.jessyan.autosize.InitProvider"
43-->[me.jessyan:autosize:1.2.1] AndroidManifest.xml:13:13-60
44            android:authorities="com.bawei.usercenter.autosize-init-provider"
44-->[me.jessyan:autosize:1.2.1] AndroidManifest.xml:14:13-74
45            android:exported="false"
45-->[me.jessyan:autosize:1.2.1] AndroidManifest.xml:15:13-37
46            android:multiprocess="true" />
46-->[me.jessyan:autosize:1.2.1] AndroidManifest.xml:16:13-40
>>>>>>> f27cec377e3546e11cca1cf73795603d92569562
47    </application>
48
49</manifest>